0 info it worked if it ends with ok
1 verbose cli [ '/usr/local/Cellar/node/0.10.22/bin/node',
1 verbose cli   '/usr/local/bin/npm',
1 verbose cli   'publish' ]
2 info using npm@1.3.14
3 info using node@v0.10.22
4 verbose publish [ '.' ]
5 verbose cache add [ '.', null ]
6 verbose cache add name=undefined spec="." args=[".",null]
7 verbose parsed url { protocol: null,
7 verbose parsed url   slashes: null,
7 verbose parsed url   auth: null,
7 verbose parsed url   host: null,
7 verbose parsed url   port: null,
7 verbose parsed url   hostname: null,
7 verbose parsed url   hash: null,
7 verbose parsed url   search: null,
7 verbose parsed url   query: null,
7 verbose parsed url   pathname: '.',
7 verbose parsed url   path: '.',
7 verbose parsed url   href: '.' }
8 silly lockFile 3a52ce78- .
9 verbose lock . /Users/dillonkrug/.npm/3a52ce78-.lock
10 verbose tar pack [ '/var/folders/6b/57l154412bb7vkjz4yxjsfsr0000gn/T/npm-4036-Y2KGw-tD/1390555749804-0.6235753593500704/tmp.tgz',
10 verbose tar pack   '.' ]
11 verbose tarball /var/folders/6b/57l154412bb7vkjz4yxjsfsr0000gn/T/npm-4036-Y2KGw-tD/1390555749804-0.6235753593500704/tmp.tgz
12 verbose folder .
13 info prepublish dquery-mongo@0.0.0
14 silly lockFile 1f1177db-tar tar://.
15 verbose lock tar://. /Users/dillonkrug/.npm/1f1177db-tar.lock
16 silly lockFile 852cebbc-49804-0-6235753593500704-tmp-tgz tar:///var/folders/6b/57l154412bb7vkjz4yxjsfsr0000gn/T/npm-4036-Y2KGw-tD/1390555749804-0.6235753593500704/tmp.tgz
17 verbose lock tar:///var/folders/6b/57l154412bb7vkjz4yxjsfsr0000gn/T/npm-4036-Y2KGw-tD/1390555749804-0.6235753593500704/tmp.tgz /Users/dillonkrug/.npm/852cebbc-49804-0-6235753593500704-tmp-tgz.lock
18 silly lockFile 1f1177db-tar tar://.
19 silly lockFile 1f1177db-tar tar://.
20 silly lockFile 852cebbc-49804-0-6235753593500704-tmp-tgz tar:///var/folders/6b/57l154412bb7vkjz4yxjsfsr0000gn/T/npm-4036-Y2KGw-tD/1390555749804-0.6235753593500704/tmp.tgz
21 silly lockFile 852cebbc-49804-0-6235753593500704-tmp-tgz tar:///var/folders/6b/57l154412bb7vkjz4yxjsfsr0000gn/T/npm-4036-Y2KGw-tD/1390555749804-0.6235753593500704/tmp.tgz
22 verbose tar unpack /var/folders/6b/57l154412bb7vkjz4yxjsfsr0000gn/T/npm-4036-Y2KGw-tD/1390555749804-0.6235753593500704/tmp.tgz
23 silly lockFile 649bd3cd-49804-0-6235753593500704-package tar:///var/folders/6b/57l154412bb7vkjz4yxjsfsr0000gn/T/npm-4036-Y2KGw-tD/1390555749804-0.6235753593500704/package
24 verbose lock tar:///var/folders/6b/57l154412bb7vkjz4yxjsfsr0000gn/T/npm-4036-Y2KGw-tD/1390555749804-0.6235753593500704/package /Users/dillonkrug/.npm/649bd3cd-49804-0-6235753593500704-package.lock
25 silly lockFile 852cebbc-49804-0-6235753593500704-tmp-tgz tar:///var/folders/6b/57l154412bb7vkjz4yxjsfsr0000gn/T/npm-4036-Y2KGw-tD/1390555749804-0.6235753593500704/tmp.tgz
26 verbose lock tar:///var/folders/6b/57l154412bb7vkjz4yxjsfsr0000gn/T/npm-4036-Y2KGw-tD/1390555749804-0.6235753593500704/tmp.tgz /Users/dillonkrug/.npm/852cebbc-49804-0-6235753593500704-tmp-tgz.lock
27 silly gunzTarPerm modes [ '755', '644' ]
28 silly gunzTarPerm extractEntry package.json
29 silly gunzTarPerm extractEntry README.md
30 silly gunzTarPerm extractEntry src/core.js
31 silly gunzTarPerm extractEntry src/dquery.js
32 silly gunzTarPerm extractEntry src/init.js
33 silly lockFile 649bd3cd-49804-0-6235753593500704-package tar:///var/folders/6b/57l154412bb7vkjz4yxjsfsr0000gn/T/npm-4036-Y2KGw-tD/1390555749804-0.6235753593500704/package
34 silly lockFile 649bd3cd-49804-0-6235753593500704-package tar:///var/folders/6b/57l154412bb7vkjz4yxjsfsr0000gn/T/npm-4036-Y2KGw-tD/1390555749804-0.6235753593500704/package
35 silly lockFile 852cebbc-49804-0-6235753593500704-tmp-tgz tar:///var/folders/6b/57l154412bb7vkjz4yxjsfsr0000gn/T/npm-4036-Y2KGw-tD/1390555749804-0.6235753593500704/tmp.tgz
36 silly lockFile 852cebbc-49804-0-6235753593500704-tmp-tgz tar:///var/folders/6b/57l154412bb7vkjz4yxjsfsr0000gn/T/npm-4036-Y2KGw-tD/1390555749804-0.6235753593500704/tmp.tgz
37 verbose tar pack [ '/Users/dillonkrug/.npm/dquery-mongo/0.0.0/package.tgz',
37 verbose tar pack   '/var/folders/6b/57l154412bb7vkjz4yxjsfsr0000gn/T/npm-4036-Y2KGw-tD/1390555749804-0.6235753593500704/package' ]
38 verbose tarball /Users/dillonkrug/.npm/dquery-mongo/0.0.0/package.tgz
39 verbose folder /var/folders/6b/57l154412bb7vkjz4yxjsfsr0000gn/T/npm-4036-Y2KGw-tD/1390555749804-0.6235753593500704/package
40 silly lockFile 649bd3cd-49804-0-6235753593500704-package tar:///var/folders/6b/57l154412bb7vkjz4yxjsfsr0000gn/T/npm-4036-Y2KGw-tD/1390555749804-0.6235753593500704/package
41 verbose lock tar:///var/folders/6b/57l154412bb7vkjz4yxjsfsr0000gn/T/npm-4036-Y2KGw-tD/1390555749804-0.6235753593500704/package /Users/dillonkrug/.npm/649bd3cd-49804-0-6235753593500704-package.lock
42 silly lockFile 3bfab2a4-m-dquery-mongo-0-0-0-package-tgz tar:///Users/dillonkrug/.npm/dquery-mongo/0.0.0/package.tgz
43 verbose lock tar:///Users/dillonkrug/.npm/dquery-mongo/0.0.0/package.tgz /Users/dillonkrug/.npm/3bfab2a4-m-dquery-mongo-0-0-0-package-tgz.lock
44 silly lockFile 649bd3cd-49804-0-6235753593500704-package tar:///var/folders/6b/57l154412bb7vkjz4yxjsfsr0000gn/T/npm-4036-Y2KGw-tD/1390555749804-0.6235753593500704/package
45 silly lockFile 649bd3cd-49804-0-6235753593500704-package tar:///var/folders/6b/57l154412bb7vkjz4yxjsfsr0000gn/T/npm-4036-Y2KGw-tD/1390555749804-0.6235753593500704/package
46 silly lockFile 3bfab2a4-m-dquery-mongo-0-0-0-package-tgz tar:///Users/dillonkrug/.npm/dquery-mongo/0.0.0/package.tgz
47 silly lockFile 3bfab2a4-m-dquery-mongo-0-0-0-package-tgz tar:///Users/dillonkrug/.npm/dquery-mongo/0.0.0/package.tgz
48 silly lockFile 1f246bf6-g-npm-dquery-mongo-0-0-0-package /Users/dillonkrug/.npm/dquery-mongo/0.0.0/package
49 verbose lock /Users/dillonkrug/.npm/dquery-mongo/0.0.0/package /Users/dillonkrug/.npm/1f246bf6-g-npm-dquery-mongo-0-0-0-package.lock
50 silly lockFile 1f246bf6-g-npm-dquery-mongo-0-0-0-package /Users/dillonkrug/.npm/dquery-mongo/0.0.0/package
51 silly lockFile 1f246bf6-g-npm-dquery-mongo-0-0-0-package /Users/dillonkrug/.npm/dquery-mongo/0.0.0/package
52 verbose tar unpack /Users/dillonkrug/.npm/dquery-mongo/0.0.0/package.tgz
53 silly lockFile 7b0a2115-g-npm-dquery-mongo-0-0-0-package tar:///Users/dillonkrug/.npm/dquery-mongo/0.0.0/package
54 verbose lock tar:///Users/dillonkrug/.npm/dquery-mongo/0.0.0/package /Users/dillonkrug/.npm/7b0a2115-g-npm-dquery-mongo-0-0-0-package.lock
55 silly lockFile 3bfab2a4-m-dquery-mongo-0-0-0-package-tgz tar:///Users/dillonkrug/.npm/dquery-mongo/0.0.0/package.tgz
56 verbose lock tar:///Users/dillonkrug/.npm/dquery-mongo/0.0.0/package.tgz /Users/dillonkrug/.npm/3bfab2a4-m-dquery-mongo-0-0-0-package-tgz.lock
57 silly gunzTarPerm modes [ '755', '644' ]
58 silly gunzTarPerm extractEntry package.json
59 silly gunzTarPerm extractEntry README.md
60 silly gunzTarPerm extractEntry src/core.js
61 silly gunzTarPerm extractEntry src/dquery.js
62 silly gunzTarPerm extractEntry src/init.js
63 silly lockFile 7b0a2115-g-npm-dquery-mongo-0-0-0-package tar:///Users/dillonkrug/.npm/dquery-mongo/0.0.0/package
64 silly lockFile 7b0a2115-g-npm-dquery-mongo-0-0-0-package tar:///Users/dillonkrug/.npm/dquery-mongo/0.0.0/package
65 silly lockFile 3bfab2a4-m-dquery-mongo-0-0-0-package-tgz tar:///Users/dillonkrug/.npm/dquery-mongo/0.0.0/package.tgz
66 silly lockFile 3bfab2a4-m-dquery-mongo-0-0-0-package-tgz tar:///Users/dillonkrug/.npm/dquery-mongo/0.0.0/package.tgz
67 verbose chmod /Users/dillonkrug/.npm/dquery-mongo/0.0.0/package.tgz 644
68 verbose chown /Users/dillonkrug/.npm/dquery-mongo/0.0.0/package.tgz [ 501, 20 ]
69 silly lockFile 3a52ce78- .
70 silly lockFile 3a52ce78- .
71 silly publish { name: 'dquery-mongo',
71 silly publish   version: '0.0.0',
71 silly publish   description: 'jQuery for your database',
71 silly publish   main: 'src/dquery.js',
71 silly publish   scripts: { test: 'test' },
71 silly publish   repository: { type: 'git', url: 'https://github.com/dillonkrug/dquery.git' },
71 silly publish   keywords: [ 'db', 'database', 'query' ],
71 silly publish   author: { name: 'Dillon Krug' },
71 silly publish   license: 'MIT',
71 silly publish   bugs: { url: 'https://github.com/dillonkrug/dquery/issues' },
71 silly publish   homepage: 'https://github.com/dillonkrug/dquery',
71 silly publish   dependencies: { bluebird: '*', lodash: '*', mongojs: '*' },
71 silly publish   readme: 'THIS IS A WORK IN PROGRESS\n\nmostly just a placeholder at this point.\n\nstay tuned.',
71 silly publish   readmeFilename: 'README.md',
71 silly publish   _id: 'dquery-mongo@0.0.0',
71 silly publish   dist: { shasum: '91245a4cf1284b1c9f078fdd569ea5e8d1f03a4c' },
71 silly publish   _from: '.' }
72 verbose url raw dquery-mongo
73 verbose url resolving [ 'https://registry.npmjs.org/', './dquery-mongo' ]
74 verbose url resolved https://registry.npmjs.org/dquery-mongo
75 info trying registry request attempt 1 at 04:29:09
76 http PUT https://registry.npmjs.org/dquery-mongo
77 http 409 https://registry.npmjs.org/dquery-mongo
78 verbose url raw dquery-mongo
79 verbose url resolving [ 'https://registry.npmjs.org/', './dquery-mongo' ]
80 verbose url resolved https://registry.npmjs.org/dquery-mongo
81 info trying registry request attempt 1 at 04:29:10
82 http GET https://registry.npmjs.org/dquery-mongo
83 http 200 https://registry.npmjs.org/dquery-mongo
84 error publish fail Cannot publish over existing version.
84 error publish fail Update the 'version' field in package.json and try again.
84 error publish fail
84 error publish fail If the previous version was published in error, see:
84 error publish fail     npm help unpublish
84 error publish fail
84 error publish fail To automatically increment version numbers, see:
84 error publish fail     npm help version
85 error System Darwin 13.0.0
86 error command "/usr/local/Cellar/node/0.10.22/bin/node" "/usr/local/bin/npm" "publish"
87 error cwd /Users/dillonkrug/Sites/dquery-mongo
88 error node -v v0.10.22
89 error npm -v 1.3.14
90 error code EPUBLISHCONFLICT
91 verbose exit [ 1, true ]
